TN:
SF:app.js
FN:5,(anonymous_0)
FN:11,(anonymous_1)
FN:29,(anonymous_2)
FN:34,setTheme
FN:72,(anonymous_4)
FN:73,(anonymous_5)
FN:74,(anonymous_6)
FN:93,(anonymous_7)
FN:94,(anonymous_8)
FN:95,(anonymous_9)
FN:103,(anonymous_10)
FN:114,updateSimVisuals
FN:143,(anonymous_12)
FN:144,(anonymous_13)
FN:145,(anonymous_14)
FN:149,(anonymous_15)
FN:167,(anonymous_16)
FN:168,(anonymous_17)
FN:183,(anonymous_18)
FN:189,(anonymous_19)
FN:201,(anonymous_20)
FN:203,(anonymous_21)
FN:205,(anonymous_22)
FN:226,(anonymous_23)
FN:227,(anonymous_24)
FN:235,(anonymous_25)
FN:241,(anonymous_26)
FN:249,(anonymous_27)
FN:274,(anonymous_28)
FN:282,updateModalStep
FN:283,(anonymous_30)
FN:287,(anonymous_31)
FN:300,(anonymous_32)
FN:301,(anonymous_33)
FN:304,(anonymous_34)
FN:311,calculateEstimate
FN:334,(anonymous_36)
FN:335,(anonymous_37)
FN:343,(anonymous_38)
FNF:39
FNH:13
FNDA:1,(anonymous_0)
FNDA:0,(anonymous_1)
FNDA:0,(anonymous_2)
FNDA:1,setTheme
FNDA:3,(anonymous_4)
FNDA:0,(anonymous_5)
FNDA:0,(anonymous_6)
FNDA:3,(anonymous_7)
FNDA:0,(anonymous_8)
FNDA:0,(anonymous_9)
FNDA:0,(anonymous_10)
FNDA:1,updateSimVisuals
FNDA:4,(anonymous_12)
FNDA:0,(anonymous_13)
FNDA:0,(anonymous_14)
FNDA:0,(anonymous_15)
FNDA:4,(anonymous_16)
FNDA:0,(anonymous_17)
FNDA:0,(anonymous_18)
FNDA:0,(anonymous_19)
FNDA:5,(anonymous_20)
FNDA:0,(anonymous_21)
FNDA:0,(anonymous_22)
FNDA:4,(anonymous_23)
FNDA:0,(anonymous_24)
FNDA:0,(anonymous_25)
FNDA:0,(anonymous_26)
FNDA:0,(anonymous_27)
FNDA:0,(anonymous_28)
FNDA:0,updateModalStep
FNDA:0,(anonymous_30)
FNDA:0,(anonymous_31)
FNDA:9,(anonymous_32)
FNDA:0,(anonymous_33)
FNDA:0,(anonymous_34)
FNDA:0,calculateEstimate
FNDA:22,(anonymous_36)
FNDA:22,(anonymous_37)
FNDA:22,(anonymous_38)
DA:5,1
DA:10,1
DA:11,1
DA:12,0
DA:13,0
DA:15,0
DA:22,1
DA:23,1
DA:26,1
DA:27,1
DA:29,1
DA:30,0
DA:31,0
DA:35,1
DA:36,0
DA:37,0
DA:50,1
DA:51,1
DA:56,1
DA:62,1
DA:63,1
DA:64,1
DA:65,1
DA:66,1
DA:67,1
DA:68,1
DA:69,1
DA:72,1
DA:73,3
DA:74,0
DA:75,0
DA:76,0
DA:78,0
DA:79,0
DA:80,0
DA:81,0
DA:82,0
DA:83,0
DA:84,0
DA:85,0
DA:86,0
DA:88,0
DA:93,1
DA:94,3
DA:95,0
DA:96,0
DA:97,0
DA:102,1
DA:103,1
DA:104,0
DA:105,0
DA:106,0
DA:107,0
DA:109,0
DA:110,0
DA:115,1
DA:116,1
DA:117,1
DA:119,1
DA:120,1
DA:121,1
DA:122,1
DA:123,0
DA:124,0
DA:125,0
DA:126,0
DA:127,0
DA:128,0
DA:129,0
DA:130,0
DA:135,1
DA:140,1
DA:141,1
DA:143,1
DA:144,4
DA:145,0
DA:146,0
DA:147,0
DA:149,0
DA:150,0
DA:151,0
DA:152,0
DA:154,0
DA:161,1
DA:162,1
DA:163,1
DA:164,1
DA:165,1
DA:167,1
DA:168,4
DA:169,0
DA:170,0
DA:171,0
DA:173,0
DA:174,0
DA:175,0
DA:176,0
DA:177,0
DA:182,1
DA:183,1
DA:184,0
DA:188,1
DA:189,1
DA:190,0
DA:191,0
DA:199,1
DA:201,1
DA:202,5
DA:203,5
DA:204,0
DA:205,0
DA:206,0
DA:207,0
DA:215,1
DA:216,1
DA:217,1
DA:218,1
DA:219,1
DA:220,1
DA:221,1
DA:222,1
DA:224,1
DA:226,1
DA:227,4
DA:228,0
DA:229,0
DA:230,0
DA:234,1
DA:235,1
DA:236,0
DA:240,1
DA:241,1
DA:242,0
DA:243,0
DA:248,1
DA:249,1
DA:250,0
DA:251,0
DA:252,0
DA:255,0
DA:256,0
DA:267,0
DA:268,0
DA:273,1
DA:274,1
DA:275,0
DA:276,0
DA:277,0
DA:283,0
DA:284,0
DA:287,0
DA:288,0
DA:291,0
DA:292,0
DA:293,0
DA:296,0
DA:300,1
DA:301,9
DA:302,0
DA:303,0
DA:304,0
DA:306,0
DA:307,0
DA:312,0
DA:313,0
DA:315,0
DA:316,0
DA:317,0
DA:319,0
DA:320,0
DA:321,0
DA:323,0
DA:329,1
DA:334,1
DA:335,22
DA:336,22
DA:337,22
DA:338,22
DA:343,1
DA:344,22
LF:180
LH:82
BRDA:12,0,0,0
BRDA:12,0,1,0
BRDA:26,1,0,1
BRDA:26,1,1,1
BRDA:30,2,0,0
BRDA:30,2,1,0
BRDA:35,3,0,0
BRDA:35,3,1,1
BRDA:78,4,0,0
BRDA:78,4,1,0
BRDA:81,5,0,0
BRDA:81,5,1,0
BRDA:84,6,0,0
BRDA:84,6,1,0
BRDA:102,7,0,1
BRDA:102,7,1,0
BRDA:106,8,0,0
BRDA:106,8,1,0
BRDA:107,9,0,0
BRDA:107,9,1,0
BRDA:119,10,0,1
BRDA:119,10,1,0
BRDA:120,11,0,0
BRDA:120,11,1,1
BRDA:121,12,0,0
BRDA:121,12,1,1
BRDA:122,13,0,0
BRDA:122,13,1,1
BRDA:123,14,0,0
BRDA:123,14,1,0
BRDA:127,15,0,0
BRDA:127,15,1,0
BRDA:150,16,0,0
BRDA:150,16,1,0
BRDA:150,17,0,0
BRDA:150,17,1,0
BRDA:170,18,0,0
BRDA:170,18,1,0
BRDA:171,19,0,0
BRDA:171,19,1,0
BRDA:173,20,0,0
BRDA:173,20,1,0
BRDA:173,21,0,0
BRDA:173,21,1,0
BRDA:182,22,0,1
BRDA:182,22,1,0
BRDA:188,23,0,1
BRDA:188,23,1,0
BRDA:190,24,0,0
BRDA:190,24,1,0
BRDA:206,25,0,0
BRDA:206,25,1,0
BRDA:234,26,0,1
BRDA:234,26,1,0
BRDA:240,27,0,1
BRDA:240,27,1,0
BRDA:242,28,0,0
BRDA:242,28,1,0
BRDA:248,29,0,1
BRDA:248,29,1,0
BRDA:250,30,0,0
BRDA:250,30,1,0
BRDA:273,31,0,1
BRDA:273,31,1,0
BRDA:275,32,0,0
BRDA:275,32,1,0
BRDA:291,33,0,0
BRDA:291,33,1,0
BRDA:291,34,0,0
BRDA:291,34,1,0
BRDA:292,35,0,0
BRDA:292,35,1,0
BRDA:293,36,0,0
BRDA:293,36,1,0
BRDA:303,37,0,0
BRDA:303,37,1,0
BRDA:312,38,0,0
BRDA:312,38,1,0
BRDA:319,39,0,0
BRDA:319,39,1,0
BRDA:320,40,0,0
BRDA:320,40,1,0
BRDA:321,41,0,0
BRDA:321,41,1,0
BRDA:336,42,0,22
BRDA:336,42,1,0
BRF:86
BRH:15
end_of_record
